::1 - - [08/Aug/2025:07:56:27 +0000] "POST /api/books HTTP/1.1" 201 137 "-" "PostmanRuntime/7.45.0"
::1 - - [08/Aug/2025:07:56:47 +0000] "POST /api/books HTTP/1.1" 201 137 "-" "PostmanRuntime/7.45.0"
::1 - - [08/Aug/2025:07:56:48 +0000] "POST /api/books HTTP/1.1" 201 137 "-" "PostmanRuntime/7.45.0"
::1 - - [08/Aug/2025:07:56:49 +0000] "POST /api/books HTTP/1.1" 201 137 "-" "PostmanRuntime/7.45.0"
::1 - - [08/Aug/2025:07:56:58 +0000] "POST /api/books HTTP/1.1" 201 137 "-" "PostmanRuntime/7.45.0"
::1 - - [08/Aug/2025:07:57:01 +0000] "POST /api/books HTTP/1.1" 201 137 "-" "PostmanRuntime/7.45.0"
::1 - - [08/Aug/2025:07:59:06 +0000] "POST /api/books HTTP/1.1" 201 137 "-" "PostmanRuntime/7.45.0"
::ffff:127.0.0.1 - - [08/Aug/2025:08:55:08 +0000] "GET / HTTP/1.1" 404 14 "-" "Mozilla/5.0 (Macintosh; Intel Mac OS X 10.15; rv:141.0) Gecko/20100101 Firefox/141.0"
::ffff:127.0.0.1 - - [08/Aug/2025:08:55:09 +0000] "GET /favicon.ico HTTP/1.1" 404 14 "http://localhost:3023/" "Mozilla/5.0 (Macintosh; Intel Mac OS X 10.15; rv:141.0) Gecko/20100101 Firefox/141.0"
::1 - - [08/Aug/2025:09:26:21 +0000] "POST /api HTTP/1.1" 404 14 "-" "PostmanRuntime/7.45.0"
::1 - - [08/Aug/2025:09:27:45 +0000] "POST /api HTTP/1.1" 404 14 "-" "PostmanRuntime/7.45.0"
::ffff:127.0.0.1 - - [08/Aug/2025:09:27:54 +0000] "GET / HTTP/1.1" 404 14 "-" "Mozilla/5.0 (Macintosh; Intel Mac OS X 10.15; rv:141.0) Gecko/20100101 Firefox/141.0"
::1 - - [08/Aug/2025:09:35:34 +0000] "POST /api/users HTTP/1.1" 404 14 "-" "PostmanRuntime/7.45.0"
::ffff:127.0.0.1 - - [08/Aug/2025:09:35:42 +0000] "GET /api HTTP/1.1" 404 14 "-" "Mozilla/5.0 (Macintosh; Intel Mac OS X 10.15; rv:141.0) Gecko/20100101 Firefox/141.0"
::1 - - [08/Aug/2025:09:36:28 +0000] "POST /api/ HTTP/1.1" 404 14 "-" "PostmanRuntime/7.45.0"
::1 - - [08/Aug/2025:09:36:31 +0000] "POST /api HTTP/1.1" 404 14 "-" "PostmanRuntime/7.45.0"
::ffff:127.0.0.1 - - [08/Aug/2025:09:39:17 +0000] "GET / HTTP/1.1" 404 14 "-" "Mozilla/5.0 (Macintosh; Intel Mac OS X 10.15; rv:141.0) Gecko/20100101 Firefox/141.0"
::ffff:127.0.0.1 - - [08/Aug/2025:09:39:37 +0000] "GET /api HTTP/1.1" 404 14 "-" "Mozilla/5.0 (Macintosh; Intel Mac OS X 10.15; rv:141.0) Gecko/20100101 Firefox/141.0"
::ffff:127.0.0.1 - - [08/Aug/2025:09:39:40 +0000] "GET /api HTTP/1.1" 404 14 "-" "Mozilla/5.0 (Macintosh; Intel Mac OS X 10.15; rv:141.0) Gecko/20100101 Firefox/141.0"
::1 - - [08/Aug/2025:09:44:13 +0000] "POST /api/users HTTP/1.1" 404 14 "-" "PostmanRuntime/7.45.0"
::ffff:127.0.0.1 - - [08/Aug/2025:09:46:11 +0000] "GET / HTTP/1.1" 404 14 "-" "Mozilla/5.0 (Macintosh; Intel Mac OS X 10.15; rv:141.0) Gecko/20100101 Firefox/141.0"
::ffff:127.0.0.1 - - [08/Aug/2025:09:46:11 +0000] "GET /favicon.ico HTTP/1.1" 404 14 "http://localhost:3023/" "Mozilla/5.0 (Macintosh; Intel Mac OS X 10.15; rv:141.0) Gecko/20100101 Firefox/141.0"
::ffff:127.0.0.1 - - [08/Aug/2025:09:49:31 +0000] "GET / HTTP/1.1" 404 14 "-" "Mozilla/5.0 (Macintosh; Intel Mac OS X 10.15; rv:141.0) Gecko/20100101 Firefox/141.0"
::ffff:127.0.0.1 - - [08/Aug/2025:09:57:48 +0000] "GET /api/users HTTP/1.1" 404 14 "-" "Mozilla/5.0 (Macintosh; Intel Mac OS X 10.15; rv:141.0) Gecko/20100101 Firefox/141.0"
::ffff:127.0.0.1 - - [08/Aug/2025:09:57:48 +0000] "GET /favicon.ico HTTP/1.1" 404 14 "http://localhost:3023/api/users" "Mozilla/5.0 (Macintosh; Intel Mac OS X 10.15; rv:141.0) Gecko/20100101 Firefox/141.0"
::1 - - [08/Aug/2025:09:59:36 +0000] "POST /api/users HTTP/1.1" 404 14 "-" "PostmanRuntime/7.45.0"
::1 - - [08/Aug/2025:09:59:56 +0000] "GET /api/users HTTP/1.1" 404 14 "-" "PostmanRuntime/7.45.0"
::1 - - [08/Aug/2025:10:00:01 +0000] "POST /api/users HTTP/1.1" 404 14 "-" "PostmanRuntime/7.45.0"
::1 - - [08/Aug/2025:10:02:27 +0000] "POST /api/users/ HTTP/1.1" 404 14 "-" "PostmanRuntime/7.45.0"
::1 - - [08/Aug/2025:10:03:28 +0000] "POST /api/users/ HTTP/1.1" 404 14 "-" "PostmanRuntime/7.45.0"
::1 - - [08/Aug/2025:10:03:34 +0000] "POST /api/ HTTP/1.1" 404 14 "-" "PostmanRuntime/7.45.0"
::1 - - [08/Aug/2025:10:03:43 +0000] "POST /api/users/ HTTP/1.1" 404 14 "-" "PostmanRuntime/7.45.0"
::1 - - [08/Aug/2025:10:04:29 +0000] "POST /api/users/ HTTP/1.1" 404 14 "-" "PostmanRuntime/7.45.0"
::ffff:127.0.0.1 - - [08/Aug/2025:10:06:04 +0000] "GET /api HTTP/1.1" 404 14 "-" "Mozilla/5.0 (Macintosh; Intel Mac OS X 10.15; rv:141.0) Gecko/20100101 Firefox/141.0"
::ffff:127.0.0.1 - - [08/Aug/2025:10:06:06 +0000] "GET /api HTTP/1.1" 404 14 "-" "Mozilla/5.0 (Macintosh; Intel Mac OS X 10.15; rv:141.0) Gecko/20100101 Firefox/141.0"
::ffff:127.0.0.1 - - [08/Aug/2025:10:06:10 +0000] "GET / HTTP/1.1" 404 14 "-" "Mozilla/5.0 (Macintosh; Intel Mac OS X 10.15; rv:141.0) Gecko/20100101 Firefox/141.0"
::ffff:127.0.0.1 - - [08/Aug/2025:10:06:15 +0000] "GET / HTTP/1.1" 404 14 "-" "Mozilla/5.0 (Macintosh; Intel Mac OS X 10.15; rv:141.0) Gecko/20100101 Firefox/141.0"
::ffff:127.0.0.1 - - [08/Aug/2025:10:06:15 +0000] "GET / HTTP/1.1" 404 14 "-" "Mozilla/5.0 (Macintosh; Intel Mac OS X 10.15; rv:141.0) Gecko/20100101 Firefox/141.0"
::ffff:127.0.0.1 - - [08/Aug/2025:10:06:19 +0000] "GET /api/users/ HTTP/1.1" 404 14 "-" "Mozilla/5.0 (Macintosh; Intel Mac OS X 10.15; rv:141.0) Gecko/20100101 Firefox/141.0"
::ffff:127.0.0.1 - - [08/Aug/2025:10:06:21 +0000] "GET /api/users/ HTTP/1.1" 404 14 "-" "Mozilla/5.0 (Macintosh; Intel Mac OS X 10.15; rv:141.0) Gecko/20100101 Firefox/141.0"
::1 - - [08/Aug/2025:23:06:12 +0000] "POST /api/books HTTP/1.1" 201 134 "-" "PostmanRuntime/7.45.0"
::1 - - [08/Aug/2025:23:06:29 +0000] "GET /api/books HTTP/1.1" 200 136 "-" "PostmanRuntime/7.45.0"
::1 - - [08/Aug/2025:23:06:43 +0000] "GET /api/books/genre/fantasy HTTP/1.1" 201 136 "-" "PostmanRuntime/7.45.0"
::1 - - [08/Aug/2025:23:06:50 +0000] "GET /api/books HTTP/1.1" 200 136 "-" "PostmanRuntime/7.45.0"
::1 - - [08/Aug/2025:23:06:54 +0000] "POST /api/books HTTP/1.1" 201 134 "-" "PostmanRuntime/7.45.0"
::1 - - [08/Aug/2025:23:07:01 +0000] "GET /api/books/genre/fantasy HTTP/1.1" 201 271 "-" "PostmanRuntime/7.45.0"
::1 - - [08/Aug/2025:23:07:32 +0000] "POST /api/books/on_stock HTTP/1.1" 400 141 "-" "PostmanRuntime/7.45.0"
::1 - - [08/Aug/2025:23:07:57 +0000] "POST /api/books/on_stock HTTP/1.1" 201 201 "-" "PostmanRuntime/7.45.0"
::1 - - [08/Aug/2025:23:08:13 +0000] "POST /api/books/on_stock HTTP/1.1" 201 271 "-" "PostmanRuntime/7.45.0"
::1 - - [08/Aug/2025:23:08:54 +0000] "GET /api/books HTTP/1.1" 200 408 "-" "PostmanRuntime/7.45.0"
::1 - - [08/Aug/2025:23:09:13 +0000] "POST /api/books/on_hand HTTP/1.1" 201 2 "-" "PostmanRuntime/7.45.0"
::1 - - [08/Aug/2025:23:09:21 +0000] "GET /api/books HTTP/1.1" 200 417 "-" "PostmanRuntime/7.45.0"
::1 - - [08/Aug/2025:23:09:29 +0000] "POST /api/books/on_hand HTTP/1.1" 201 2 "-" "PostmanRuntime/7.45.0"
::1 - - [08/Aug/2025:23:09:37 +0000] "GET /api/books HTTP/1.1" 200 425 "-" "PostmanRuntime/7.45.0"
::1 - - [08/Aug/2025:23:13:53 +0000] "POST /api/books/on_stock HTTP/1.1" 201 356 "-" "PostmanRuntime/7.45.0"
::1 - - [08/Aug/2025:23:14:01 +0000] "POST /api/books/on_stock HTTP/1.1" 400 17 "-" "PostmanRuntime/7.45.0"
::1 - - [08/Aug/2025:23:14:09 +0000] "POST /api/books/on_hand HTTP/1.1" 201 2 "-" "PostmanRuntime/7.45.0"
::1 - - [08/Aug/2025:23:14:21 +0000] "POST /api/books/on_stock HTTP/1.1" 201 433 "-" "PostmanRuntime/7.45.0"
::1 - - [08/Aug/2025:23:23:12 +0000] "GET /api/books HTTP/1.1" 200 570 "-" "PostmanRuntime/7.45.0"
::1 - - [08/Aug/2025:23:23:34 +0000] "POST /api/books HTTP/1.1" 201 134 "-" "PostmanRuntime/7.45.0"
::1 - - [08/Aug/2025:23:23:38 +0000] "GET /api/books/genre/fantasy HTTP/1.1" 201 705 "-" "PostmanRuntime/7.45.0"
::1 - - [08/Aug/2025:23:23:49 +0000] "GET /api/books HTTP/1.1" 200 705 "-" "PostmanRuntime/7.45.0"
::1 - - [08/Aug/2025:23:24:43 +0000] "DELETE /api/books HTTP/1.1" 201 133 "-" "PostmanRuntime/7.45.0"
::1 - - [08/Aug/2025:23:25:04 +0000] "POST /api/books/on_stock HTTP/1.1" 400 17 "-" "PostmanRuntime/7.45.0"
::1 - - [08/Aug/2025:23:25:09 +0000] "POST /api/books/on_hand HTTP/1.1" 201 442 "-" "PostmanRuntime/7.45.0"
::1 - - [08/Aug/2025:23:25:15 +0000] "POST /api/books/on_stock HTTP/1.1" 201 510 "-" "PostmanRuntime/7.45.0"
::ffff:127.0.0.1 - - [09/Aug/2025:16:13:06 +0000] "GET / HTTP/1.1" 200 14 "-" "Mozilla/5.0 (Macintosh; Intel Mac OS X 10.15; rv:141.0) Gecko/20100101 Firefox/141.0"
::ffff:127.0.0.1 - - [09/Aug/2025:16:13:06 +0000] "GET /favicon.ico HTTP/1.1" 404 14 "http://localhost:3555/" "Mozilla/5.0 (Macintosh; Intel Mac OS X 10.15; rv:141.0) Gecko/20100101 Firefox/141.0"
::1 - - [10/Aug/2025:10:22:19 +0000] "GET /api/books HTTP/1.1" 200 781 "-" "PostmanRuntime/7.45.0"
::1 - - [10/Aug/2025:10:22:25 +0000] "POST /api/books HTTP/1.1" 201 134 "-" "PostmanRuntime/7.45.0"
::1 - - [10/Aug/2025:10:22:36 +0000] "GET /api/books/genre/fantasy HTTP/1.1" 201 916 "-" "PostmanRuntime/7.45.0"
::1 - - [10/Aug/2025:10:22:42 +0000] "DELETE /api/books HTTP/1.1" 201 133 "-" "PostmanRuntime/7.45.0"
::1 - - [10/Aug/2025:10:22:46 +0000] "POST /api/books/on_stock HTTP/1.1" 400 17 "-" "PostmanRuntime/7.45.0"
::1 - - [10/Aug/2025:10:22:53 +0000] "POST /api/books/on_hand HTTP/1.1" 201 519 "-" "PostmanRuntime/7.45.0"
::ffff:127.0.0.1 - - [10/Aug/2025:11:50:35 +0000] "GET / HTTP/1.1" 200 14 "-" "Mozilla/5.0 (Macintosh; Intel Mac OS X 10.15; rv:141.0) Gecko/20100101 Firefox/141.0"
::ffff:127.0.0.1 - - [10/Aug/2025:11:50:35 +0000] "GET /favicon.ico HTTP/1.1" 404 14 "http://localhost:3555/" "Mozilla/5.0 (Macintosh; Intel Mac OS X 10.15; rv:141.0) Gecko/20100101 Firefox/141.0"
::1 - - [10/Aug/2025:11:50:43 +0000] "GET /api/books HTTP/1.1" 500 21 "-" "PostmanRuntime/7.45.0"
::1 - - [10/Aug/2025:11:50:48 +0000] "POST /api/books HTTP/1.1" 201 137 "-" "PostmanRuntime/7.45.0"
::1 - - [10/Aug/2025:11:50:52 +0000] "GET /api/books HTTP/1.1" 500 21 "-" "PostmanRuntime/7.45.0"
::1 - - [10/Aug/2025:11:51:15 +0000] "GET /api/books HTTP/1.1" 200 1060 "-" "PostmanRuntime/7.45.0"
::1 - - [10/Aug/2025:11:51:20 +0000] "POST /api/books HTTP/1.1" 201 137 "-" "PostmanRuntime/7.45.0"
::1 - - [10/Aug/2025:11:51:25 +0000] "GET /api/books/genre/fantasy HTTP/1.1" 200 1195 "-" "PostmanRuntime/7.45.0"
::1 - - [10/Aug/2025:11:51:29 +0000] "DELETE /api/books HTTP/1.1" 200 133 "-" "PostmanRuntime/7.45.0"
::1 - - [10/Aug/2025:11:51:36 +0000] "POST /api/books/on_hand HTTP/1.1" 400 31 "-" "PostmanRuntime/7.45.0"
::1 - - [10/Aug/2025:11:51:41 +0000] "POST /api/books/on_stock HTTP/1.1" 200 28 "-" "PostmanRuntime/7.45.0"
::1 - - [10/Aug/2025:11:51:45 +0000] "POST /api/books/on_hand HTTP/1.1" 200 27 "-" "PostmanRuntime/7.45.0"
::1 - - [12/Aug/2025:17:28:11 +0000] "GET /api/books HTTP/1.1" 200 1272 "-" "PostmanRuntime/7.45.0"
::1 - - [12/Aug/2025:17:28:27 +0000] "POST /api/books HTTP/1.1" 201 137 "-" "PostmanRuntime/7.45.0"
::1 - - [12/Aug/2025:17:28:45 +0000] "DELETE /api/books HTTP/1.1" 500 140 "-" "PostmanRuntime/7.45.0"
::1 - - [12/Aug/2025:17:28:58 +0000] "GET /api/books HTTP/1.1" 200 1407 "-" "PostmanRuntime/7.45.0"
::1 - - [12/Aug/2025:17:30:07 +0000] "POST /api/books HTTP/1.1" 201 139 "-" "PostmanRuntime/7.45.0"
::1 - - [12/Aug/2025:17:30:13 +0000] "GET /api/books HTTP/1.1" 200 1588 "-" "PostmanRuntime/7.45.0"
::1 - - [12/Aug/2025:17:30:51 +0000] "POST /api/books HTTP/1.1" 400 72 "-" "PostmanRuntime/7.45.0"
::1 - - [12/Aug/2025:17:31:44 +0000] "POST /api/books HTTP/1.1" 201 140 "-" "PostmanRuntime/7.45.0"
::1 - - [12/Aug/2025:17:31:49 +0000] "GET /api/books HTTP/1.1" 200 1737 "-" "PostmanRuntime/7.45.0"
::1 - - [12/Aug/2025:17:33:14 +0000] "DELETE /api/books HTTP/1.1" 404 47 "-" "PostmanRuntime/7.45.0"
::1 - - [12/Aug/2025:17:33:25 +0000] "GET /api/books HTTP/1.1" 200 1737 "-" "PostmanRuntime/7.45.0"
::1 - - [12/Aug/2025:17:33:39 +0000] "DELETE /api/books HTTP/1.1" 400 15 "-" "PostmanRuntime/7.45.0"
::1 - - [12/Aug/2025:17:33:47 +0000] "GET /api/books HTTP/1.1" 200 1737 "-" "PostmanRuntime/7.45.0"
::1 - - [12/Aug/2025:17:33:58 +0000] "DELETE /api/books HTTP/1.1" 400 15 "-" "PostmanRuntime/7.45.0"
::1 - - [12/Aug/2025:17:34:19 +0000] "GET /api/books HTTP/1.1" 200 1737 "-" "PostmanRuntime/7.45.0"
::1 - - [12/Aug/2025:17:34:38 +0000] "DELETE /api/books HTTP/1.1" 400 15 "-" "PostmanRuntime/7.45.0"
::1 - - [12/Aug/2025:17:35:07 +0000] "DELETE /api/books HTTP/1.1" 200 147 "-" "PostmanRuntime/7.45.0"
::1 - - [12/Aug/2025:17:35:19 +0000] "GET /api/books HTTP/1.1" 200 1736 "-" "PostmanRuntime/7.45.0"
::1 - - [12/Aug/2025:17:40:15 +0000] "POST /api/books HTTP/1.1" 201 138 "-" "PostmanRuntime/7.45.0"
::1 - - [12/Aug/2025:17:40:24 +0000] "GET /api/books HTTP/1.1" 200 148 "-" "PostmanRuntime/7.45.0"
::1 - - [12/Aug/2025:17:40:42 +0000] "POST /api/books/on_hand HTTP/1.1" 404 47 "-" "PostmanRuntime/7.45.0"
::1 - - [12/Aug/2025:17:41:00 +0000] "POST /api/books/on_hand HTTP/1.1" 400 31 "-" "PostmanRuntime/7.45.0"
::1 - - [12/Aug/2025:17:44:55 +0000] "POST /api/books/on_hand HTTP/1.1" 400 31 "-" "PostmanRuntime/7.45.0"
::1 - - [12/Aug/2025:17:48:06 +0000] "GET /api/books HTTP/1.1" 200 148 "-" "PostmanRuntime/7.45.0"
::1 - - [12/Aug/2025:17:48:13 +0000] "POST /api/books/on_stock HTTP/1.1" 200 28 "-" "PostmanRuntime/7.45.0"
::1 - - [12/Aug/2025:17:48:17 +0000] "GET /api/books HTTP/1.1" 200 215 "-" "PostmanRuntime/7.45.0"
::1 - - [13/Aug/2025:20:11:57 +0000] "GET / HTTP/1.1" 200 14 "-" "Mozilla/5.0 (Macintosh; Intel Mac OS X 10_15_7) AppleWebKit/537.36 (KHTML, like Gecko) Chrome/138.0.0.0 Safari/537.36"
::1 - - [13/Aug/2025:20:11:58 +0000] "GET /favicon.ico HTTP/1.1" 404 14 "http://localhost:3555/" "Mozilla/5.0 (Macintosh; Intel Mac OS X 10_15_7) AppleWebKit/537.36 (KHTML, like Gecko) Chrome/138.0.0.0 Safari/537.36"
::1 - - [13/Aug/2025:20:13:03 +0000] "GET /api/movies HTTP/1.1" 404 14 "-" "PostmanRuntime/7.45.0"
::1 - - [13/Aug/2025:20:13:13 +0000] "GET //movies HTTP/1.1" 404 14 "-" "PostmanRuntime/7.45.0"
::1 - - [13/Aug/2025:20:13:19 +0000] "GET /movies HTTP/1.1" 404 14 "-" "PostmanRuntime/7.45.0"
::1 - - [13/Aug/2025:20:13:27 +0000] "GET /api/movies HTTP/1.1" 404 14 "-" "PostmanRuntime/7.45.0"
::1 - - [13/Aug/2025:20:17:50 +0000] "GET /api/movies/languages/ HTTP/1.1" 404 14 "-" "PostmanRuntime/7.45.0"
::1 - - [13/Aug/2025:20:24:50 +0000] "GET /api/movies/language?language=Russian HTTP/1.1" 404 14 "-" "PostmanRuntime/7.45.0"
::1 - - [13/Aug/2025:20:25:17 +0000] "GET /api/movies/language HTTP/1.1" 404 14 "-" "PostmanRuntime/7.45.0"
::1 - - [13/Aug/2025:20:25:32 +0000] "GET /api/movies/language/Russian HTTP/1.1" 404 14 "-" "PostmanRuntime/7.45.0"
::1 - - [13/Aug/2025:20:25:48 +0000] "GET /api/movies/language/english HTTP/1.1" 404 14 "-" "PostmanRuntime/7.45.0"
::1 - - [13/Aug/2025:20:26:54 +0000] "GET /api/movies/languages/english HTTP/1.1" 404 14 "-" "PostmanRuntime/7.45.0"
::1 - - [13/Aug/2025:20:27:00 +0000] "GET /api/movies/languages/English HTTP/1.1" 404 14 "-" "PostmanRuntime/7.45.0"
::1 - - [13/Aug/2025:20:43:23 +0000] "GET /api/movies/languages/russian HTTP/1.1" 200 2 "-" "PostmanRuntime/7.45.0"
::1 - - [13/Aug/2025:20:43:46 +0000] "GET /api/movies/languages/Russian HTTP/1.1" 200 2 "-" "PostmanRuntime/7.45.0"
::1 - - [13/Aug/2025:20:44:00 +0000] "GET /api/movies/languages/English HTTP/1.1" 404 14 "-" "PostmanRuntime/7.45.0"
::1 - - [13/Aug/2025:20:44:39 +0000] "GET /api/movies/languages/English HTTP/1.1" 200 2 "-" "PostmanRuntime/7.45.0"
::1 - - [13/Aug/2025:20:47:03 +0000] "GET /api/movies/genres/action-comedy HTTP/1.1" 200 903995 "-" "PostmanRuntime/7.45.0"
::1 - - [13/Aug/2025:20:50:26 +0000] "GET /api/movies/languages/English HTTP/1.1" 200 25058915 "-" "PostmanRuntime/7.45.0"
::1 - - [13/Aug/2025:20:51:07 +0000] "GET /api/movies/languages/Ru HTTP/1.1" 404 14 "-" "PostmanRuntime/7.45.0"
::1 - - [13/Aug/2025:20:51:10 +0000] "GET /api/movies/languages/Russian HTTP/1.1" 404 14 "-" "PostmanRuntime/7.45.0"
::1 - - [13/Aug/2025:20:52:52 +0000] "GET /api/movies/languages/Russian HTTP/1.1" 200 287433 "-" "PostmanRuntime/7.45.0"
::1 - - [13/Aug/2025:20:53:25 +0000] "GET /api/movies/languages/Russian HTTP/1.1" 200 287433 "-" "PostmanRuntime/7.45.0"
::1 - - [13/Aug/2025:20:53:36 +0000] "GET /api/movies/languages/Russian HTTP/1.1" 200 287433 "-" "PostmanRuntime/7.45.0"
::1 - - [13/Aug/2025:20:53:43 +0000] "GET /api/movies/languages/E HTTP/1.1" 200 287433 "-" "PostmanRuntime/7.45.0"
::1 - - [13/Aug/2025:20:53:46 +0000] "GET /api/movies/languages/English HTTP/1.1" 200 287433 "-" "PostmanRuntime/7.45.0"
::1 - - [13/Aug/2025:20:53:49 +0000] "GET /api/movies/languages/English HTTP/1.1" 200 287433 "-" "PostmanRuntime/7.45.0"
::1 - - [13/Aug/2025:20:54:49 +0000] "GET /api/movies/languages/English HTTP/1.1" 200 34887036 "-" "PostmanRuntime/7.45.0"
::1 - - [13/Aug/2025:20:55:38 +0000] "GET /api/movies/languages/Russian HTTP/1.1" 200 34887036 "-" "PostmanRuntime/7.45.0"
::1 - - [13/Aug/2025:20:56:01 +0000] "GET /api/movies/languages/Russian HTTP/1.1" 200 34887036 "-" "PostmanRuntime/7.45.0"
::1 - - [13/Aug/2025:20:57:43 +0000] "GET /api/movies/imdb-vs-tomatoes HTTP/1.1" 200 52042 "-" "PostmanRuntime/7.45.0"
::1 - - [13/Aug/2025:20:58:54 +0000] "GET /api/movies/imdb-less-tomatoes HTTP/1.1" 200 52042 "-" "PostmanRuntime/7.45.0"
::1 - - [13/Aug/2025:20:59:18 +0000] "GET /api/movies/languages/Russian HTTP/1.1" 200 34887036 "-" "PostmanRuntime/7.45.0"
::1 - - [13/Aug/2025:20:59:52 +0000] "GET /api/movies/languages/Italian HTTP/1.1" 200 34887036 "-" "PostmanRuntime/7.45.0"
::1 - - [13/Aug/2025:21:00:10 +0000] "GET /api/movies/languages/ HTTP/1.1" 404 14 "-" "PostmanRuntime/7.45.0"
::1 - - [13/Aug/2025:21:00:26 +0000] "GET /api/movies/languages/Ru HTTP/1.1" 200 34887036 "-" "PostmanRuntime/7.45.0"
::1 - - [13/Aug/2025:21:01:46 +0000] "GET /api/movies/top-awards HTTP/1.1" 200 72 "-" "PostmanRuntime/7.45.0"
::1 - - [13/Aug/2025:21:01:55 +0000] "GET /api/movies/top-awards HTTP/1.1" 200 72 "-" "PostmanRuntime/7.45.0"
::1 - - [13/Aug/2025:21:03:14 +0000] "GET /api/movies/grouped-rating-2010 HTTP/1.1" 200 16570 "-" "PostmanRuntime/7.45.0"
::1 - - [13/Aug/2025:21:04:09 +0000] "GET /api/movies/grouped-rating-2010 HTTP/1.1" 200 16570 "-" "PostmanRuntime/7.45.0"
::1 - - [13/Aug/2025:21:06:15 +0000] "GET /api/movies/grouped-rating-2010 HTTP/1.1" 200 16570 "-" "PostmanRuntime/7.45.0"
::1 - - [13/Aug/2025:21:07:17 +0000] "GET /api/movies/grouped-rating-2010 HTTP/1.1" 200 16570 "-" "PostmanRuntime/7.45.0"
::1 - - [13/Aug/2025:21:11:03 +0000] "GET /api/movies/languages/Russian HTTP/1.1" 200 287433 "-" "PostmanRuntime/7.45.0"
::1 - - [13/Aug/2025:21:12:02 +0000] "GET /api/movies/languages/Italian HTTP/1.1" 200 287433 "-" "PostmanRuntime/7.45.0"
::1 - - [13/Aug/2025:21:30:35 +0000] "GET /api/movies/imdb-less-tomatoes HTTP/1.1" 200 52042 "-" "PostmanRuntime/7.45.0"
::1 - - [13/Aug/2025:21:44:24 +0000] "GET /api/movies/languages/Italian HTTP/1.1" 200 287433 "-" "PostmanRuntime/7.45.0"
::1 - - [13/Aug/2025:21:44:35 +0000] "GET /api/movies/languages/Russian HTTP/1.1" 200 287433 "-" "PostmanRuntime/7.45.0"
::1 - - [13/Aug/2025:21:45:15 +0000] "GET /api/movies/languages/?language=Russian HTTP/1.1" 404 14 "-" "PostmanRuntime/7.45.0"
::1 - - [13/Aug/2025:21:45:58 +0000] "GET /api/movies/languages/?language=Russian HTTP/1.1" 404 14 "-" "PostmanRuntime/7.45.0"
::1 - - [13/Aug/2025:21:46:15 +0000] "GET /api/movies/languages/?language=Russian HTTP/1.1" 200 287433 "-" "PostmanRuntime/7.45.0"
::1 - - [13/Aug/2025:21:46:57 +0000] "GET /api/movies/languages/?language=Russian HTTP/1.1" 200 287433 "-" "PostmanRuntime/7.45.0"
::1 - - [13/Aug/2025:21:47:32 +0000] "GET /api/movies/languages/?language=Russian HTTP/1.1" 200 287433 "-" "PostmanRuntime/7.45.0"
::1 - - [13/Aug/2025:21:49:12 +0000] "GET /api/movies/languages/?language=Russian HTTP/1.1" 404 14 "-" "PostmanRuntime/7.45.0"
::1 - - [13/Aug/2025:21:49:15 +0000] "GET /api/movies/languages/?language=Russian HTTP/1.1" 404 14 "-" "PostmanRuntime/7.45.0"
::1 - - [13/Aug/2025:21:49:18 +0000] "GET /api/movies/languages/?language=Russian HTTP/1.1" 404 14 "-" "PostmanRuntime/7.45.0"
::1 - - [13/Aug/2025:21:51:25 +0000] "GET /api/movies/languages/?language=Russian HTTP/1.1" 200 1335571 "-" "PostmanRuntime/7.45.0"
::1 - - [13/Aug/2025:22:00:03 +0000] "GET /api/movies/genres/?genre=Action&genre=Comedy HTTP/1.1" 200 903995 "-" "PostmanRuntime/7.45.0"
::1 - - [13/Aug/2025:22:11:34 +0000] "GET /api/movies/top-awards?limit=2 HTTP/1.1" 200 72 "-" "PostmanRuntime/7.45.0"
::1 - - [13/Aug/2025:22:11:37 +0000] "GET /api/movies/top-awards?limit=2 HTTP/1.1" 200 72 "-" "PostmanRuntime/7.45.0"
::1 - - [13/Aug/2025:22:15:57 +0000] "GET /api/movies/grouped-rating?year=2012 HTTP/1.1" 404 14 "-" "PostmanRuntime/7.45.0"
::1 - - [13/Aug/2025:22:16:11 +0000] "GET /api/movies/grouped-rating?year=2012 HTTP/1.1" 200 16570 "-" "PostmanRuntime/7.45.0"
::1 - - [13/Aug/2025:22:40:03 +0000] "GET /api/movies/compare?field1=imdb.rating&field2=tomatoes.viewer.rating&operator=lt HTTP/1.1" 200 52042 "-" "PostmanRuntime/7.45.0"
::1 - - [13/Aug/2025:22:40:37 +0000] "GET /api/movies/compare?field1=tomatoes.viewer.rating&field2=imdb.rating&operator=lt HTTP/1.1" 200 34816483 "-" "PostmanRuntime/7.45.0"
::1 - - [13/Aug/2025:22:51:38 +0000] "GET /api/movies/genres/?genre=Action&genre=Comedy HTTP/1.1" 200 903995 "-" "PostmanRuntime/7.45.0"
::1 - - [13/Aug/2025:22:51:50 +0000] "GET /api/movies/languages/?language=Russian HTTP/1.1" 200 1335571 "-" "PostmanRuntime/7.45.0"
::1 - - [13/Aug/2025:22:52:11 +0000] "GET /api/movies/compare?field1=tomatoes.viewer.rating&field2=imdb.rating&operator=lt HTTP/1.1" 200 34816483 "-" "PostmanRuntime/7.45.0"
::1 - - [13/Aug/2025:22:52:25 +0000] "GET /api/movies/top-awards?limit=2 HTTP/1.1" 200 72 "-" "PostmanRuntime/7.45.0"
::1 - - [13/Aug/2025:22:52:29 +0000] "GET /api/movies/top-awards?limit=3 HTTP/1.1" 200 103 "-" "PostmanRuntime/7.45.0"
::1 - - [13/Aug/2025:22:52:36 +0000] "GET /api/movies/top-awards?limit=2 HTTP/1.1" 200 72 "-" "PostmanRuntime/7.45.0"
::1 - - [13/Aug/2025:22:52:45 +0000] "GET /api/movies/grouped-rating?year=2012 HTTP/1.1" 200 16570 "-" "PostmanRuntime/7.45.0"
::1 - - [13/Aug/2025:22:59:26 +0000] "GET /api/movies/grouped-rating?year=2012&field=imdb.rating HTTP/1.1" 200 17980 "-" "PostmanRuntime/7.45.0"
::1 - - [13/Aug/2025:23:01:39 +0000] "GET /api/movies/grouped-rating?year=2012&field=imdb.rating HTTP/1.1" 200 18407 "-" "PostmanRuntime/7.45.0"
::1 - - [13/Aug/2025:23:04:15 +0000] "GET /api/movies/grouped-rating?year=2012&field=imdb.rating HTTP/1.1" 200 17777 "-" "PostmanRuntime/7.45.0"
::1 - - [13/Aug/2025:23:05:26 +0000] "GET /api/movies/grouped-rating?year=2012&field=imdb.rating HTTP/1.1" 200 17757 "-" "PostmanRuntime/7.45.0"
::1 - - [13/Aug/2025:23:08:19 +0000] "GET /api/movies/grouped-rating?year=2012&field=imdb.rating HTTP/1.1" 200 17757 "-" "PostmanRuntime/7.45.0"
::1 - - [13/Aug/2025:23:11:02 +0000] "GET /api/movies/genres/?genre=Action&genre=Comedy HTTP/1.1" 200 903995 "-" "PostmanRuntime/7.45.0"
::1 - - [13/Aug/2025:23:11:07 +0000] "GET /api/movies/languages/?language=Russian HTTP/1.1" 200 1335571 "-" "PostmanRuntime/7.45.0"
::1 - - [13/Aug/2025:23:11:14 +0000] "GET /api/movies/compare?field1=imdb.rating&field2=tomatoes.viewer.rating&operator=lt HTTP/1.1" 200 52042 "-" "PostmanRuntime/7.45.0"
::1 - - [13/Aug/2025:23:11:18 +0000] "GET /api/movies/top-awards?limit=2 HTTP/1.1" 200 72 "-" "PostmanRuntime/7.45.0"
::1 - - [13/Aug/2025:23:11:33 +0000] "GET /api/movies/grouped-rating?year=2012&field=tomatoes.viewer.rating HTTP/1.1" 200 16417 "-" "PostmanRuntime/7.45.0"
